timestep	time	potential_energy	pressure	temperature
0	0.211043	250.5328882	0.1046543063	0
10	0.615804	246.4453865	0.1040268705	0.002028919186
20	0.641003	234.5751155	0.1022141194	0.007909095183
30	0.666064	216.3562701	0.09939162637	0.01703781944
40	0.693804	193.6302468	0.09580698041	0.02846489909
50	0.721501	168.012143	0.09171081222	0.04096769099
60	0.746495	141.5360138	0.08731780632	0.05316082251
70	0.771621	113.3677487	0.08284083019	0.06365517194
80	0.796665	87.098604	0.07847947764	0.07125474787
90	0.822139	62.34525333	0.0742383065	0.0751935211
100	0.870054	40.92200116	0.07015186229	0.07529832036
110	0.915365	23.92650024	0.06628922566	0.07199098091
120	0.942234	8.535391055	0.0627057635	0.06613086202
130	0.968006	-4.385787565	0.05945763043	0.05876133898
140	0.99438	-15.85959512	0.05656130769	0.0508701347
150	1.067026	-26.17071081	0.05399538512	0.04322951382
160	1.095412	-35.25302858	0.05172988139	0.03633948302
170	1.120923	-43.09958923	0.04971635765	0.0304505497
180	1.146724	-50.5375335	0.04789828716	0.02562347674
190	1.172321	-57.92511125	0.04624421293	0.02178893445
200	1.202941	-64.89098174	0.04472543613	0.01880625972
210	1.247364	-71.27563356	0.04330751484	0.01651089886
220	1.273611	-78.19800207	0.04197670153	0.01474373474
230	1.300552	-84.85769735	0.04073689067	0.01336413455
240	1.326283	-91.33089859	0.03958348375	0.01225815903
250	1.355253	-97.44073605	0.03851274243	0.01133975832
260	1.380926	-103.3900742	0.03752166039	0.01054785601
270	1.40672	-108.7788955	0.03660442847	0.009841286701
280	1.438754	-113.7866531	0.03575775577	0.009194421774
290	1.469206	-118.6577811	0.03498224265	0.008592722326
300	1.533264	-123.2486976	0.03427361302	0.008028408734
310	1.578851	-127.4081383	0.03362690233	0.007497815013
320	1.604946	-131.2637715	0.03303808587	0.00699949297
330	1.634508	-135.0316124	0.0325031386	0.006532920313
340	1.663457	-138.0986427	0.03201730209	0.00609774359
350	1.694723	-141.0295729	0.03157558248	0.005693436082
360	1.720653	-143.8007014	0.031172042	0.00531917547
370	1.749363	-146.3317599	0.03080225223	0.004973771559
380	1.775434	-148.9346785	0.03046157193	0.004655679627
390	1.804158	-151.0339121	0.03014828995	0.004363040054
400	1.83265	-153.1533167	0.02985966339	0.004093916904
410	1.896944	-154.9558049	0.02959268886	0.003846294859
420	1.925745	-156.766622	0.02934553727	0.003618161522
430	1.956744	-158.6523887	0.02911732608	0.003407574498
440	1.983074	-160.3002342	0.02890620914	0.003212692515
450	2.010627	-161.8426077	0.02871023634	0.003031796084
460	2.037579	-163.186452	0.02852858345	0.002863313721
470	2.067969	-164.4078429	0.02836036589	0.002705825879
480	2.096378	-165.5182492	0.02820372914	0.002558073353
490	2.126467	-166.6846782	0.02805808316	0.002418968645
500	2.157914	-167.7036392	0.02792189722	0.002287566454
510	2.201398	-168.7405933	0.02779577431	0.002163086141
520	2.227346	-169.6109397	0.02767762258	0.00204487865
530	2.253804	-170.4864008	0.02756716874	0.001932415813
540	2.280223	-171.1789281	0.02746389573	0.001825293635
550	2.30643	-171.9294309	0.02736728773	0.00172320491
560	2.332255	-172.5058532	0.02727740967	0.001625901715
570	2.360742	-173.0773748	0.02719395525	0.001533193778
580	2.389794	-173.6228466	0.02711603759	0.001444927726
590	2.416511	-173.8538241	0.02704367923	0.001360961044
600	2.447932	-174.1179364	0.02697682286	0.001281162288
610	2.495274	-174.5793256	0.02691453787	0.00120540788
620	2.52181	-174.932904	0.02685649521	0.001133556988
630	2.550965	-175.3439123	0.02680164786	0.001065468499
640	2.579953	-175.5849941	0.02675015108	0.001000992017
650	2.610838	-175.8388529	0.02670182397	0.0009399687832
660	2.637176	-176.1592077	0.02665709627	0.0008822447428
670	2.663465	-176.4330575	0.02661525556	0.0008276668061
680	2.690271	-176.6137471	0.02657648712	0.000776096567
690	2.719622	-176.7450446	0.02654090377	0.0007274111165
700	2.750939	-176.9519762	0.02650807832	0.0006814946546
710	2.794795	-177.0944733	0.02647799576	0.0006382424951
720	2.820883	-177.1018739	0.02644985716	0.0005975659234
730	2.84685	-177.2590731	0.02642359739	0.0005593882749
740	2.873656	-177.3794209	0.02639953838	0.0005236315489
750	2.900049	-177.4648104	0.02637745635	0.0004902185087
760	2.928814	-177.5619621	0.02635716674	0.0004590768388
770	2.95742	-177.6480144	0.02633887968	0.000430135776
780	2.988521	-177.7034344	0.02632191011	0.0004033233247
790	3.016812	-177.7735043	0.02630647757	0.0003785684672
800	3.051706	-177.8364847	0.02629250816	0.0003557987353
810	3.101544	-177.8439841	0.02627978777	0.0003349439993
820	3.127693	-177.873196	0.02626819605	0.0003159299786
830	3.154352	-177.8981372	0.02625754902	0.0002986849409
840	3.18308	-177.9414138	0.02624800207	0.0002831397787
850	3.209257	-177.9820864	0.02623926592	0.0002692250794
860	3.235177	-178.0199678	0.02623140443	0.0002568711275
870	3.261239	-178.0098048	0.02622427885	0.0002460128156
880	3.291893	-177.9717095	0.02621760461	0.0002365866845
890	3.323281	-177.9816413	0.02621162443	0.0002285312558
900	3.354766	-178.0126026	0.0262063832	0.0002217866381
910	3.401071	-178.0425907	0.02620177497	0.0002162940659
920	3.427103	-178.0722806	0.02619766452	0.000211997334
930	3.453042	-178.1019898	0.0261939863	0.0002088393185
940	3.479972	-178.1772194	0.02619062839	0.0002067636329
950	3.506372	-178.2059129	0.02618783492	0.00020571712
960	3.532383	-178.2115108	0.02618555808	0.0002056469761
970	3.561582	-178.2396615	0.02618382515	0.0002065048075
980	3.589671	-178.2675928	0.02618262296	0.000208245025
990	3.616471	-178.273303	0.02618175327	0.0002108243112
1000	3.645077	-178.3475542	0.02618135281	0.00021420309
1010	3.695068	-178.2804713	0.02618130706	0.0002183471687
1020	3.724068	-178.3083742	0.02618187663	0.0002232262826
1030	3.753299	-178.3357388	0.02618302322	0.0002288164418
1040	3.779224	-178.3628278	0.02618470627	0.0002351001826
1050	3.805348	-178.3622781	0.0261869745	0.000242064262
1060	3.83126	-178.3149499	0.02618985401	0.0002497036477
1070	3.857588	-178.3626043	0.0261933774	0.0002580211779
1080	3.884655	-178.4324255	0.02619741517	0.0002670241184
1090	3.9111	-178.455251	0.02620196234	0.0002767304443
1100	3.94284	-178.4770032	0.02620705072	0.0002871674815
1110	3.986438	-178.4968896	0.02621284193	0.0002983696129
1120	4.01349	-178.5155816	0.02621907611	0.0003103836301
1130	4.040205	-178.5336346	0.02622577523	0.0003232671917
1140	4.06763	-178.454052	0.02623308539	0.0003370921354
1150	4.095736	-178.5140383	0.02624100944	0.0003519454931
1160	4.124557	-178.5493529	0.02624948744	0.0003679284858
1170	4.150887	-178.6777321	0.02625869805	0.0003851618059
1180	4.177007	-178.7080804	0.02626862205	0.000403789482
1190	4.203084	-178.7365975	0.02627904709	0.000423981291
1200	4.231486	-178.7399008	0.02629006789	0.0004459366855
1210	4.300234	-178.813108	0.02630187585	0.000469887722
1220	4.328212	-178.6429481	0.02631441922	0.0004961062948
1230	4.354295	-178.492187	0.02632799287	0.0005249111659
1240	4.380976	-178.4107859	0.02634243839	0.0005566714432
1250	4.409179	-178.3997903	0.02635760392	0.0005918162717
1260	4.435214	-178.3129858	0.02637363613	0.0006308409165
1270	4.461146	-178.4408303	0.02639091153	0.000674323436
1280	4.488612	-178.492991	0.026409437	0.0007229226408
1290	4.515295	-178.5404657	0.02642980582	0.0007774052486
1300	4.545008	-178.4648652	0.02645142653	0.000838662916
1310	4.589805	-178.5756111	0.02647484624	0.0009077315421
1320	4.616004	-178.6322793	0.02650008942	0.0009858107899
1330	4.641888	-178.541258	0.02652725136	0.001074302366
1340	4.667907	-178.4666391	0.02655646576	0.001174842002
1350	4.694032	-178.5048109	0.026588488	0.001289311086
1360	4.723603	-178.3191311	0.02662328612	0.001419905748
1370	4.75161	-178.2942946	0.02666140421	0.00156921435
1380	4.780196	-178.1574233	0.02670348264	0.001740247618
1390	4.808692	-177.8676364	0.02674997385	0.001936528091
1400	4.839559	-178.022151	0.02680216684	0.00216216803
1410	4.889255	-178.0120035	0.02686106957	0.002421867393
1420	4.916445	-177.9819451	0.02692704474	0.002721107286
1430	4.942527	-177.8146615	0.0270005142	0.003066247875
1440	4.968528	-177.7352237	0.02708253629	0.003464691521
1450	4.995794	-177.4645982	0.02717427754	0.003924932398
1460	5.023005	-177.3929306	0.02727744498	0.004456751781
1470	5.050017	-177.515593	0.02739517495	0.005071217026
1480	5.082182	-177.424479	0.02752898201	0.005780745228
1490	5.110874	-177.1289898	0.02768256212	0.0065991666
1500	5.141303	-176.7387491	0.0278575871	0.007541649519
1510	5.184865	-176.4601993	0.02805651185	0.008624287275
1520	5.211052	-175.9988697	0.02828355827	0.009863566617
1530	5.237506	-175.3091659	0.02854314035	0.01127569172
1540	5.263517	-174.7594161	0.02883646008	0.01287531309
1550	5.292754	-173.8348503	0.02916625106	0.01467359846
1560	5.320029	-172.5869971	0.02953824815	0.01667635038
1570	5.349206	-171.0432948	0.02995658569	0.01888116861
1580	5.395037	-169.6482678	0.03042554688	0.02127386811
1590	5.421297	-167.8077401	0.03094427842	0.02382467907
1600	5.44981	-165.7631409	0.03151479996	0.02648460623
1610	5.496553	-164.1971905	0.03213657775	0.02918231397
1620	5.52304	-161.99553	0.03280269475	0.03182217205
1630	5.556533	-159.2487163	0.03350188577	0.03428547466
1640	5.584858	-156.3423655	0.03422598145	0.03643707196
1650	5.63299	-153.332592	0.03496580606	0.0381323002
1660	5.659032	-149.5239856	0.03572161455	0.03922623066
1670	5.685275	-145.2345231	0.03649215551	0.03958585954
1680	5.712643	-140.3418165	0.03728802355	0.03910012037
1690	5.763096	-135.0410103	0.03812604173	0.03769020803
1700	5.79193	-129.010379	0.0390284395	0.03534265145
1710	5.838443	-122.156334	0.03999383553	0.03219908616
1720	5.864637	-115.327568	0.04094408345	0.02870798968
1730	5.890895	-109.7775339	0.04169761727	0.02564840047
1740	5.918771	-106.7093208	0.04207717509	0.02368695661
1750	5.945851	-106.3829308	0.04211980179	0.02275201068
1760	5.973343	-106.9028779	0.04203751442	0.02213726813
1770	6.017128	-106.9191951	0.04203008486	0.02118044333
1780	6.050672	-105.9597326	0.04218377458	0.01960403162
1790	6.08061	-103.6198923	0.04250694089	0.01743888543
1800	6.113425	-100.494776	0.04295800289	0.01489854924
1810	6.162127	-96.78658978	0.04345026237	0.01233438835
1820	6.191007	-93.55114647	0.04385856867	0.01018647725
1830	6.217157	-92.06873964	0.04406142671	0.008833035621
1840	6.243168	-92.18933881	0.04400853427	0.00837991664
1850	6.269176	-93.59055406	0.04375335424	0.008587527489
1860	6.298841	-95.59709169	0.04341188974	0.009034717505
1870	6.325825	-97.02266166	0.04308616275	0.009361127734
1880	6.352896	-98.35482234	0.04283165335	0.009396911023
1890	6.380477	-98.80122231	0.04265045107	0.009155920298
1900	6.409369	-99.06475357	0.04251324311	0.008765232748
1910	6.457976	-99.31896805	0.04237758397	0.008387678827
1920	6.488646	-99.89993692	0.04220713189	0.008157771737
1930	6.515214	-100.7082593	0.04198448294	0.008140105652
1940	6.546621	-101.9576099	0.04171320394	0.008318551743
1950	6.572914	-103.3151804	0.04141456228	0.008616874788
1960	6.604357	-104.7133772	0.04111735181	0.008937445394
1970	6.632142	-106.2785618	0.04085044581	0.009198904858
1980	6.658663	-107.3636498	0.04062950933	0.009359540216
1990	6.692052	-108.5254309	0.0404543111	0.009422597641
2000	6.72105	-109.3013326	0.04031416501	0.009428100544
2010	6.765617	-110.2728319	0.04019694838	0.009436098776
2020	6.792435	-111.5083325	0.04008243267	0.009507031202
2030	6.822454	-112.794845	0.03995581073	0.009684047189
2040	6.848451	-114.1279905	0.03980840125	0.009981251754
2050	6.876041	-115.7018519	0.0396401825	0.01038093642
2060	6.905124	-117.5861834	0.03945836499	0.01083970264
2070	6.931223	-119.529302	0.03927341127	0.01130095895
2080	6.958189	-121.5247679	0.03909575673	0.0117089668
2090	7.004668	-123.4993746	0.03893065578	0.01201981223
2100	7.036414	-125.1307358	0.03878351078	0.0122081633
2110	7.086612	-126.6394665	0.03865773358	0.012268027
2120	7.115739	-127.9095233	0.03855017419	0.01220939486
2130	7.151266	-129.2214572	0.03845372886	0.01205341684
2140	7.177938	-129.9864024	0.03836336346	0.01182747091
2150	7.204366	-130.7366424	0.03826867885	0.01156153349
2160	7.230769	-131.4260618	0.03816661396	0.01128537875
2170	7.271143	-132.1571627	0.03805034516	0.01102654484
2180	7.3247	-133.0542461	0.03791458429	0.01080910188
2190	7.351914	-133.7464076	0.03775560618	0.01065254752
2200	7.386211	-134.7740963	0.03757094196	0.01057071127
2210	7.430853	-136.157468	0.03735928342	0.01057038539
2220	7.45952	-137.3327703	0.03712092186	0.01065061875
2230	7.485983	-139.02843	0.03685867489	0.01080251013
2240	7.514875	-141.0160143	0.03657420165	0.0110094757
2250	7.54323	-142.9149443	0.03627644392	0.01124863183
2260	7.570651	-144.7569712	0.03596914388	0.01149360934
2270	7.596895	-146.8629416	0.0356616507	0.01171758331
2280	7.625793	-148.7778609	0.03535928279	0.01189643513
2290	7.670261	-150.3155309	0.0350660901	0.01201168143
2300	7.699294	-151.8596177	0.03478669804	0.01205217214
2310	7.743291	-153.5130966	0.03452248516	0.01201471727
2320	7.769904	-154.978971	0.03427661501	0.01190369161
2330	7.80239	-156.0412002	0.03404529084	0.01172968452
2340	7.83158	-157.0698873	0.03382564344	0.01150766037
2350	7.857836	-158.0182388	0.03361629949	0.01125474937
2360	7.884115	-158.7532356	0.03341188833	0.01098812389
2370	7.930385	-159.7012626	0.03320759485	0.01072316251
2380	7.957929	-160.908052	0.03300131807	0.01047185884
2390	7.984989	-161.9581616	0.03279106677	0.01024162772
2400	8.0147	-162.8634112	0.03257564286	0.01003493878
2410	8.062801	-164.0479462	0.03235462559	0.009849602495
2420	8.093267	-165.135529	0.03213123818	0.009679308326
2430	8.123935	-166.1852592	0.0319064048	0.009515136577
2440	8.150902	-167.2451552	0.03167947011	0.009347288519
2450	8.180284	-168.0344139	0.03145849564	0.009166588997
2460	8.207119	-168.9625152	0.03124610568	0.008965714945
2470	8.233606	-169.8954854	0.03104522255	0.008739971834
2480	8.262613	-170.4440363	0.03085677618	0.008487865352
2490	8.296401	-170.9947605	0.03068258645	0.008211270295
2500	8.348814	-171.5642982	0.03052167112	0.007914766083
2510	8.394941	-171.6946942	0.03037270966	0.007605006074
2520	8.423815	-172.0872768	0.03023528697	0.0072901232
2530	8.450026	-172.4526143	0.03010929818	0.006978442755
2540	8.479234	-172.4391056	0.02999286926	0.006677902607
2550	8.507866	-172.4796736	0.02988302661	0.006395448066
2560	8.535023	-172.7958004	0.0297766056	0.006136594744
2570	8.561527	-173.14006	0.02967362441	0.005905125887
2580	8.592643	-173.3275957	0.02957147416	0.005703133795
2590	8.62032	-173.5573154	0.02946895719	0.005531186855
2600	8.652392	-174.014647	0.02936517424	0.005388493929
2610	8.699493	-174.198189	0.02925993955	0.005273139882
2620	8.72738	-174.59089	0.02915323486	0.005182439874
2630	8.753932	-175.0224784	0.02904351769	0.005113004366
2640	8.780782	-175.3581866	0.02893292619	0.005060970335
2650	8.809825	-175.6227125	0.0288221523	0.00502218999
2660	8.83839	-175.8371137	0.02871049436	0.004992396918
2670	8.870147	-175.7888834	0.02859968223	0.00496746943
2680	8.89736	-175.765633	0.02849087227	0.004943829173
2690	8.924697	-176.1457251	0.02838336468	0.004918605895
2700	8.954514	-176.3994699	0.02827723286	0.004889946682
2710	9.002337	-176.3011416	0.02817268965	0.004857218487
2720	9.02996	-176.2922095	0.028070654	0.004821092874
2730	9.057686	-176.1076469	0.02797025753	0.004783410341
2740	9.08701	-176.1857398	0.02787131581	0.00474687832
2750	9.117851	-175.9562389	0.02777319695	0.004714690921
2760	9.148802	-175.7229714	0.02767881085	0.004690238339
2770	9.177524	-175.5554274	0.0275837124	0.004676505251
2780	9.205441	-175.6298354	0.0274885091	0.004675379476
2790	9.232825	-175.5063115	0.02739427616	0.004687401967
2800	9.280993	-175.5070061	0.02730319798	0.004711652977
2810	9.328565	-175.4509086	0.02721358349	0.004745684364
2820	9.355872	-175.1893586	0.02712962236	0.004785740618
2830	9.387812	-175.1713141	0.02705156778	0.004827199373
2840	9.418668	-175.027243	0.02698147076	0.004864998558
2850	9.445804	-174.8666597	0.02692217278	0.004894279422
2860	9.474278	-174.7716587	0.02687433087	0.004910982584
2870	9.501019	-174.3756217	0.02683873273	0.004912380926
2880	9.527332	-174.163907	0.02681600231	0.004897483067
2890	9.553805	-173.8690381	0.02680415773	0.004867107027
2900	9.583653	-173.6249617	0.02680351122	0.004823851823
2910	9.628634	-173.3134178	0.02681360818	0.004771988179
2920	9.657089	-173.1423497	0.02683230916	0.00471708251
2930	9.68499	-172.9572966	0.02685746127	0.004665473273
2940	9.711303	-172.4148041	0.02688680155	0.004623570562
2950	9.737625	-172.2776225	0.02691930789	0.004597431967
2960	9.763816	-171.8802379	0.02695088991	0.004592048241
2970	9.790649	-171.8195221	0.02698413471	0.004611048013
2980	9.817525	-171.7840535	0.02701929183	0.004656348734
2990	9.848749	-171.6951014	0.02705448677	0.00472795169
3000	9.88083	-171.4108151	0.02709015339	0.004824015929
3010	9.948096	-171.0603933	0.02712739084	0.004941168834
3020	9.9745	-170.862294	0.02716829325	0.0050749086
3030	10.001832	-170.8113092	0.02721192979	0.005220068836
3040	10.028811	-170.6632996	0.0272610922	0.005371212092
3050	10.056709	-170.3464911	0.02731729679	0.005523297239
3060	10.087023	-170.0324388	0.02738079888	0.005672361332
3070	10.119077	-169.5398862	0.02745203281	0.005815770915
3080	10.146784	-169.0923364	0.02753154012	0.005952337844
3090	10.173669	-168.4163962	0.02761950822	0.006082450446
3100	10.223946	-167.9485405	0.02771493865	0.006208094801
3110	10.27752	-167.1981785	0.0278166411	0.006332794249
3120	10.306133	-166.3627109	0.02792265967	0.006461601065
3130	10.333741	-165.6008348	0.0280325271	0.006600987157
3140	10.36404	-164.4913662	0.02814572829	0.006758703214
3150	10.396749	-163.8720788	0.02826188099	0.006943566841
3160	10.424982	-163.243873	0.0283767537	0.007164812555
3170	10.454026	-162.5067003	0.0284899013	0.007431451711
3180	10.483544	-161.5881255	0.02860068705	0.007751650712
3190	10.50992	-161.1427917	0.02871065883	0.008131752718
3200	10.542563	-160.0197577	0.02881890038	0.008575064612
3210	10.587012	-159.1621272	0.02892729334	0.009081391336
3220	10.614195	-158.4738616	0.02904211812	0.009646262025
3230	10.641449	-157.6566817	0.02916410773	0.01026086504
3240	10.671799	-156.8544484	0.02929909769	0.01091287421
3250	10.6987	-156.4217422	0.02944924448	0.01158767673
3260	10.725086	-155.6302446	0.02961559555	0.01226982029
3270	10.751669	-155.1280114	0.02980089712	0.01294514606
3280	10.778077	-154.3293123	0.03000650374	0.01360260206
3290	10.805131	-153.0270713	0.03023109481	0.01423581455
3300	10.834635	-151.9405181	0.03046894693	0.01484408629
3310	10.901435	-150.7718038	0.03071826158	0.01543215871
3320	10.928149	-149.4713084	0.03097561759	0.01600941166
3330	10.95483	-147.7251738	0.03123843521	0.01658777168
3340	10.981196	-146.6253311	0.03149653093	0.01717848189
3350	11.008356	-145.2638791	0.03175009173	0.0177881427
3360	11.078379	-144.1176731	0.03199569071	0.01841539718
3370	11.106474	-143.0572993	0.03223177253	0.01904934333
3380	11.135249	-142.0115081	0.03246381258	0.01967149972
3390	11.163515	-141.4982382	0.03268647802	0.02026036498
3400	11.192534	-140.6724416	0.03290009303	0.02079741396
3410	11.238209	-140.122741	0.03309826903	0.02127332297
3420	11.267646	-139.3877615	0.03327238855	0.02168769447
3430	11.298805	-138.598293	0.03341622595	0.02204204505
3440	11.325805	-137.9965512	0.03352920609	0.02232990753
3450	11.357284	-137.4626932	0.03361042417	0.02252958085
3460	11.38449	-137.1378544	0.03366418965	0.02260738184
3470	11.428895	-136.7656729	0.03370651827	0.02252887771
3480	11.455634	-136.7647177	0.03374485309	0.02227146458
3490	11.486112	-135.8211753	0.03378187713	0.02183303928
3500	11.518001	-135.3520896	0.03381721252	0.02123269559
3510	11.564835	-134.4471109	0.03384406249	0.02050599985
3520	11.593943	-133.9070198	0.0338585081	0.01969824354
3530	11.624985	-133.4778955	0.03385807128	0.01885655698
3540	11.657036	-132.9927061	0.03383943438	0.01802462931
3550	11.689046	-132.7994522	0.03380150564	0.01723839983
3560	11.720059	-133.0332764	0.03373980858	0.01652286878
3570	11.749074	-133.2033648	0.03365373793	0.01589094979
3580	11.776426	-133.6413926	0.03354671594	0.01534460157
3590	11.82464	-134.1869212	0.03341756056	0.01487664472
3600	11.854711	-134.8611559	0.03327369	0.01447373864
3610	11.900753	-135.6795663	0.0331224467	0.01411963548
3620	11.930077	-136.7586336	0.03296923842	0.01379814944
3630	11.957764	-137.624573	0.03281557506	0.01349510363
3640	11.98561	-138.6799184	0.03265837709	0.01319974327
3650	12.014353	-140.2821452	0.03250538203	0.01290500543
3660	12.042238	-141.2281239	0.03235688074	0.01260719193
3670	12.072253	-142.1849019	0.03221034191	0.0123050725
3680	12.100977	-143.26393	0.03206482274	0.01199824767
3690	12.131337	-144.1496478	0.03192234973	0.01168626684
3700	12.16417	-144.8832447	0.03178455621	0.01136856
3710	12.211108	-146.363117	0.03165304109	0.01104486387
3720	12.242844	-147.0565701	0.03152457957	0.01071586237
3730	12.274047	-148.0627413	0.0313984487	0.01038466441
3740	12.30183	-148.728127	0.0312756867	0.01005714068
3750	12.329054	-149.4227491	0.03115149775	0.009741795928
3760	12.356057	-150.4213896	0.03102176765	0.00944838053
3770	12.38348	-151.2026517	0.03088751767	0.009186094788
3780	12.41124	-151.9715237	0.03074520596	0.008961670996
3790	12.438988	-152.7727451	0.03059124209	0.008777595797
3800	12.469104	-154.1762954	0.03042716238	0.00863138748
3810	12.51419	-155.2737234	0.03025673066	0.008515959918
3820	12.541783	-156.0270505	0.03008066041	0.008421229121
3830	12.569726	-157.1079244	0.02990122826	0.008335893211
3840	12.597072	-157.9370466	0.02972114786	0.008248883488
3850	12.623907	-158.6888911	0.0295450667	0.008150800901
3860	12.651372	-159.5113219	0.02937964069	0.008034785279
3870	12.679412	-160.273123	0.02922686958	0.007896768471
3880	12.708234	-160.9349813	0.02908712901	0.007735499899
3890	12.73573	-161.4856303	0.02896263872	0.007552300722
3900	12.765149	-162.1067675	0.02885218879	0.00735060433
3910	12.810011	-162.461893	0.02875570795	0.00713547126
3920	12.837447	-162.5343504	0.02867550318	0.006913047937
3930	12.867878	-163.0035428	0.02861014203	0.006689972222
3940	12.901193	-162.9522346	0.02855837423	0.006472721452
3950	12.928463	-162.9027836	0.02851775661	0.006267234481
3960	12.956218	-163.2848565	0.02848646092	0.006078590713
3970	12.983244	-163.2788853	0.02846296171	0.005910940507
3980	13.010157	-163.448829	0.0284446776	0.005767510316
3990	13.037013	-163.7587649	0.02842925574	0.005650630302
4000	13.068952	-163.9947968	0.02841548613	0.005561785377
4010	13.12134	-164.3967016	0.02840204013	0.005501608759
4020	13.150939	-164.7811723	0.02838698847	0.005469872268
4030	13.177963	-165.1938985	0.02836978067	0.005465383707
4040	13.204751	-165.587057	0.02835018525	0.005485957013
4050	13.231599	-166.0054491	0.02833043661	0.005528390635
4060	13.259049	-166.4798567	0.02831073303	0.005588658957
4070	13.285975	-166.9863124	0.0282918605	0.005662342351
4080	13.314099	-167.2772317	0.02827320908	0.00574516003
4090	13.341284	-167.7434079	0.02825595377	0.005833432558
4100	13.371476	-168.3923553	0.02824318751	0.005924515066
4110	13.4165	-168.829338	0.02823535899	0.006016955194
4120	13.443531	-169.122348	0.02823098171	0.006110582543
4130	13.474014	-169.2596784	0.02823148898	0.006206204379
4140	13.501228	-169.6392841	0.02823691895	0.006305194387
4150	13.527785	-169.8919476	0.0282467498	0.006408775442
4160	13.555305	-170.1330813	0.02825891823	0.006517466048
4170	13.581792	-170.3434501	0.02827329192	0.006630726272
4180	13.609364	-170.6303374	0.0282917812	0.006746863414
4190	13.637755	-170.9950641	0.0283131784	0.006863133022
4200	13.668834	-170.8411063	0.02833971031	0.006976105496
4210	13.714687	-171.0618619	0.02837262959	0.007082207047
4220	13.741804	-171.0317086	0.02841268348	0.007178312051
4230	13.768524	-170.9250702	0.02845865604	0.007262383247
4240	13.799549	-170.9934539	0.0285102879	0.007333564442
4250	13.829957	-170.9715472	0.02856597865	0.007392372755
4260	13.8615	-171.1738707	0.02862339082	0.007440891602
4270	13.889245	-171.167573	0.02868204986	0.007482427616
4280	13.916909	-171.3769763	0.02873785101	0.007521150258
4290	13.944922	-171.4483637	0.02878810932	0.007561672151
4300	13.976828	-170.8673557	0.02883123901	0.007608588398
4310	14.027198	-170.9145494	0.02886743466	0.00766612085
4320	14.05945	-170.9199768	0.02889535782	0.007737523195
4330	14.096969	-170.8702667	0.02891232447	0.007824868715
4340	14.129085	-170.6869733	0.02891927198	0.007928816098
4350	14.156934	-170.4613988	0.02891801743	0.008048691571
4360	14.18345	-170.6615204	0.02890951227	0.008182578
4370	14.212989	-170.5396365	0.02889226567	0.008327460823
4380	14.242051	-170.4411977	0.02886824825	0.008479754851
4390	14.270442	-170.2428909	0.0288378969	0.008635814602
4400	14.29977	-170.1639515	0.02880287278	0.008792433617
4410	14.346711	-169.9449794	0.02876466196	0.008947195133
4420	14.37306	-169.729836	0.02872498177	0.009098954339
4430	14.399467	-169.6354117	0.02868306175	0.009248063978
4440	14.425878	-169.3796045	0.02864051072	0.009396227595
4450	14.452648	-169.1330835	0.02859816667	0.009546451885
4460	14.481145	-168.8224702	0.028556192	0.00970249103
4470	14.510722	-168.7031058	0.02851252328	0.009868020521
4480	14.53914	-168.4888445	0.02846580457	0.01004599765
4490	14.568078	-168.2473805	0.02841902372	0.01023806112
4500	14.597204	-167.9496047	0.02837440266	0.01044407932
4510	14.644248	-168.0065014	0.02833140086	0.01066185888
4520	14.672705	-167.5610087	0.02829203109	0.01088719353
4530	14.70184	-167.5358337	0.02825922909	0.01111417738
4540	14.730693	-167.333175	0.02823528532	0.01133579273
4550	14.758012	-167.1320669	0.02821995722	0.01154428194
4560	14.787286	-167.0388435	0.0282165072	0.01173153998
4570	14.815339	-166.7808478	0.0282267887	0.01188975816
4580	14.842832	-166.2301761	0.02824669294	0.01201181875
4590	14.889022	-165.7326573	0.0282791684	0.01209182749
4600	14.921016	-165.5259964	0.02832261575	0.01212549152
4610	14.97064	-165.108517	0.02837850951	0.01211041873
4620	15.001143	-164.5709564	0.02844812357	0.01204665781
4630	15.030468	-164.2186073	0.02852827914	0.0119367515
4640	15.057069	-163.7418553	0.02861847905	0.01178561589
4650	15.091875	-163.2229067	0.02871700601	0.01160044811
4660	15.126927	-162.7547355	0.02881924195	0.01139042836
4670	15.1569	-162.1819744	0.02892332027	0.01116615611
4680	15.184759	-161.5457982	0.0290237536	0.01093881727
4690	15.23006	-161.1002667	0.02911657351	0.0107193654
4700	15.261122	-160.3701689	0.02920084841	0.01051766555
4710	15.308651	-160.0241611	0.02927387523	0.01034174318
4720	15.336214	-159.86648	0.0293355425	0.01019701168
4730	15.364544	-159.5157363	0.02938547725	0.01008579142
4740	15.3913	-159.2346262	0.02942158057	0.01000720219
4750	15.418566	-158.9655775	0.02944666841	0.009957300705
4760	15.445573	-158.8375838	0.02946075845	0.009929588585
4770	15.484885	-158.5655595	0.02946473253	0.009915779055
4780	15.522617	-158.5164388	0.02945884822	0.009906813781
4790	15.554332	-158.2705316	0.02944842774	0.009893741163
4800	15.584853	-157.856043	0.02943353772	0.009868783079
4810	15.634275	-157.5640486	0.02941496167	0.009825953125
4820	15.66072	-157.2095621	0.02939898941	0.009761732453
4830	15.688172	-156.4531691	0.02938270426	0.009675454614
4840	15.715144	-156.135153	0.02936880308	0.00956951141
4850	15.746571	-155.7636215	0.02935551876	0.009448896989
4860	15.773068	-155.66039	0.02934512289	0.009320651432
4870	15.802326	-155.1229361	0.02933529856	0.009193404368
4880	15.84623	-154.5981752	0.02932213806	0.009076546787
4890	15.874649	-154.3243236	0.02930564259	0.008978834999
4900	15.904669	-153.9319405	0.02928385323	0.008907152871
4910	15.956072	-153.3954193	0.02925682578	0.008865760417
